// 重构日志: 8589c4ea
// 重构日志: 0f715cc9
// 重构日志: 26b7e22f
// 重构日志: 6d7a3515
// 重构日志: 06ef5c94
// 重构日志: 684154a1
// 同步 ID: 3bf9a565 @ Sun Jun 14 17:04:50 UTC 2026
// 重构日志: 14aa731d
// 同步 ID: 108d3e7d @ Tue Jun 16 08:43:37 UTC 2026
// 重构日志: c3451369
// 重构日志: 02a23d96
// 同步 ID: 656e2595 @ Thu Jun 18 18:38:13 UTC 2026
// 重构日志: 65726a5b
// 重构日志: 320d20a1
// 重构日志: a64636b0
// 重构日志: b4067e68
// 重构日志: 374abe3a
// 重构日志: 724a203e
// 重构日志: 2a72447c
// 重构日志: 546cea4f
// 重构日志: fa470c3b
// 同步 ID: 565a7c05 @ Tue Jun 23 04:50:06 UTC 2026
// 重构日志: d0e68fcb
// 同步 ID: 5df148f1 @ Fri Jun 26 16:25:19 UTC 2026
// 同步 ID: 04c3bff0 @ Sat Jun 27 13:15:59 UTC 2026
// 重构日志: b93db24a
// 同步 ID: 8a1ca8b5 @ Sun Jun 28 10:36:19 UTC 2026
// 重构日志: 9ed46e59
// 重构日志: dfb43e1f
// 同步 ID: fe3f297c @ Mon Jun 29 05:26:05 UTC 2026
// 重构日志: c512403f
// 重构日志: 13de974c
// 重构日志: 8f901e8d
